# JRE version: OpenJDK Runtime Environment Temurin-21.0.9+10 (21.0.9+10) (build 21.0.9+10-LTS)
# Java VM: OpenJDK 64-Bit Server VM Temurin-21.0.9+10 (21.0.9+10-LTS, mixed mode, sharing, tiered, compressed oops, compressed class ptrs, parallel gc, windows-amd64)
GC Precious Log:
 CardTable entry size: 512
 CPUs: 16 total, 16 available
 Memory: 7812M
 Large Page Support: Disabled
 NUMA Support: Disabled
 Compressed Oops: Enabled (32-bit)
 Alignments: Space 512K, Generation 512K, Heap 2M
 Heap Min Capacity: 100M
 Heap Initial Capacity: 100M
 Heap Max Capacity: 2G
 Pre-touch: Disabled
 Parallel Workers: 13
Heap:
 PSYoungGen      total 6144K, used 3744K [0x00000000d5580000, 0x00000000d5e00000, 0x0000000100000000)
  eden space 5632K, 63% used [0x00000000d5580000,0x00000000d58f8138,0x00000000d5b00000)
  from space 512K, 37% used [0x00000000d5d00000,0x00000000d5d30000,0x00000000d5d80000)
  to   space 512K, 0% used [0x00000000d5d80000,0x00000000d5d80000,0x00000000d5e00000)
 ParOldGen       total 223744K, used 195670K [0x0000000080000000, 0x000000008da80000, 0x00000000d5580000)
  object space 223744K, 87% used [0x0000000080000000,0x000000008bf159a0,0x000000008da80000)
 Metaspace       used 89927K, committed 91584K, reserved 1179648K
  class space    used 9610K, committed 10304K, reserved 1048576K
GC Heap History (20 events):
Event: 36791.826 GC heap before
{Heap before GC invocations=616 (full 4):
 PSYoungGen      total 6144K, used 5696K [0x00000000d5580000, 0x00000000d5e00000, 0x0000000100000000)
  eden space 5632K, 100% used [0x00000000d5580000,0x00000000d5b00000,0x00000000d5b00000)
  from space 512K, 12% used [0x00000000d5d00000,0x00000000d5d10000,0x00000000d5d80000)
  to   space 512K, 0% used [0x00000000d5d80000,0x00000000d5d80000,0x00000000d5e00000)
 ParOldGen       total 223744K, used 195558K [0x0000000080000000, 0x000000008da80000, 0x00000000d5580000)
  object space 223744K, 87% used [0x0000000080000000,0x000000008bef99a0,0x000000008da80000)
 Metaspace       used 89867K, committed 91520K, reserved 1179648K
  class space    used 9610K, committed 10304K, reserved 1048576K
}
Event: 36791.898 GC heap after
{Heap after GC invocations=616 (full 4):
 PSYoungGen      total 6144K, used 224K [0x00000000d5580000, 0x00000000d5e00000, 0x0000000100000000)
  eden space 5632K, 0% used [0x00000000d5580000,0x00000000d5580000,0x00000000d5b00000)
  from space 512K, 43% used [0x00000000d5d80000,0x00000000d5db8000,0x00000000d5e00000)
  to   space 512K, 0% used [0x00000000d5d00000,0x00000000d5d00000,0x00000000d5d80000)
 ParOldGen       total 223744K, used 195590K [0x0000000080000000, 0x000000008da80000, 0x00000000d5580000)
  object space 223744K, 87% used [0x0000000080000000,0x000000008bf019a0,0x000000008da80000)
 Metaspace       used 89867K, committed 91520K, reserved 1179648K
  class space    used 9610K, committed 10304K, reserved 1048576K
}
Event: 42426.156 GC heap before
{Heap before GC invocations=617 (full 4):
 PSYoungGen      total 6144K, used 5856K [0x00000000d5580000, 0x00000000d5e00000, 0x0000000100000000)
  eden space 5632K, 100% used [0x00000000d5580000,0x00000000d5b00000,0x00000000d5b00000)
  from space 512K, 43% used [0x00000000d5d80000,0x00000000d5db8000,0x00000000d5e00000)
  to   space 512K, 0% used [0x00000000d5d00000,0x00000000d5d00000,0x00000000d5d80000)
 ParOldGen       total 223744K, used 195590K [0x0000000080000000, 0x000000008da80000, 0x00000000d5580000)
  object space 223744K, 87% used [0x0000000080000000,0x000000008bf019a0,0x000000008da80000)
 Metaspace       used 89897K, committed 91584K, reserved 1179648K
  class space    used 9610K, committed 10304K, reserved 1048576K
}
Event: 42426.193 GC heap after
{Heap after GC invocations=617 (full 4):
 PSYoungGen      total 6144K, used 224K [0x00000000d5580000, 0x00000000d5e00000, 0x0000000100000000)
  eden space 5632K, 0% used [0x00000000d5580000,0x00000000d5580000,0x00000000d5b00000)
  from space 512K, 43% used [0x00000000d5d00000,0x00000000d5d38000,0x00000000d5d80000)
  to   space 512K, 0% used [0x00000000d5d80000,0x00000000d5d80000,0x00000000d5e00000)
 ParOldGen       total 223744K, used 195598K [0x0000000080000000, 0x000000008da80000, 0x00000000d5580000)
  object space 223744K, 87% used [0x0000000080000000,0x000000008bf039a0,0x000000008da80000)
 Metaspace       used 89897K, committed 91584K, reserved 1179648K
  class space    used 9610K, committed 10304K, reserved 1048576K
}
Event: 53303.191 GC heap before
{Heap before GC invocations=618 (full 4):
 PSYoungGen      total 6144K, used 5856K [0x00000000d5580000, 0x00000000d5e00000, 0x0000000100000000)
  eden space 5632K, 100% used [0x00000000d5580000,0x00000000d5b00000,0x00000000d5b00000)
  from space 512K, 43% used [0x00000000d5d00000,0x00000000d5d38000,0x00000000d5d80000)
  to   space 512K, 0% used [0x00000000d5d80000,0x00000000d5d80000,0x00000000d5e00000)
 ParOldGen       total 223744K, used 195598K [0x0000000080000000, 0x000000008da80000, 0x00000000d5580000)
  object space 223744K, 87% used [0x0000000080000000,0x000000008bf039a0,0x000000008da80000)
 Metaspace       used 89908K, committed 91584K, reserved 1179648K
  class space    used 9610K, committed 10304K, reserved 1048576K
}
Event: 53303.228 GC heap after
{Heap after GC invocations=618 (full 4):
 PSYoungGen      total 6144K, used 224K [0x00000000d5580000, 0x00000000d5e00000, 0x0000000100000000)
  eden space 5632K, 0% used [0x00000000d5580000,0x00000000d5580000,0x00000000d5b00000)
  from space 512K, 43% used [0x00000000d5d80000,0x00000000d5db8000,0x00000000d5e00000)
  to   space 512K, 0% used [0x00000000d5d00000,0x00000000d5d00000,0x00000000d5d80000)
 ParOldGen       total 223744K, used 195606K [0x0000000080000000, 0x000000008da80000, 0x00000000d5580000)
  object space 223744K, 87% used [0x0000000080000000,0x000000008bf059a0,0x000000008da80000)
 Metaspace       used 89908K, committed 91584K, reserved 1179648K
  class space    used 9610K, committed 10304K, reserved 1048576K
}
Event: 64876.699 GC heap before
{Heap before GC invocations=619 (full 4):
 PSYoungGen      total 6144K, used 5856K [0x00000000d5580000, 0x00000000d5e00000, 0x0000000100000000)
  eden space 5632K, 100% used [0x00000000d5580000,0x00000000d5b00000,0x00000000d5b00000)
  from space 512K, 43% used [0x00000000d5d80000,0x00000000d5db8000,0x00000000d5e00000)
  to   space 512K, 0% used [0x00000000d5d00000,0x00000000d5d00000,0x00000000d5d80000)
 ParOldGen       total 223744K, used 195606K [0x0000000080000000, 0x000000008da80000, 0x00000000d5580000)
  object space 223744K, 87% used [0x0000000080000000,0x000000008bf059a0,0x000000008da80000)
 Metaspace       used 89912K, committed 91584K, reserved 1179648K
  class space    used 9610K, committed 10304K, reserved 1048576K
}
Event: 64876.744 GC heap after
{Heap after GC invocations=619 (full 4):
 PSYoungGen      total 6144K, used 224K [0x00000000d5580000, 0x00000000d5e00000, 0x0000000100000000)
  eden space 5632K, 0% used [0x00000000d5580000,0x00000000d5580000,0x00000000d5b00000)
  from space 512K, 43% used [0x00000000d5d00000,0x00000000d5d38000,0x00000000d5d80000)
  to   space 512K, 0% used [0x00000000d5d80000,0x00000000d5d80000,0x00000000d5e00000)
 ParOldGen       total 223744K, used 195606K [0x0000000080000000, 0x000000008da80000, 0x00000000d5580000)
  object space 223744K, 87% used [0x0000000080000000,0x000000008bf059a0,0x000000008da80000)
 Metaspace       used 89912K, committed 91584K, reserved 1179648K
  class space    used 9610K, committed 10304K, reserved 1048576K
}
Event: 76114.323 GC heap before
{Heap before GC invocations=620 (full 4):
 PSYoungGen      total 6144K, used 5856K [0x00000000d5580000, 0x00000000d5e00000, 0x0000000100000000)
  eden space 5632K, 100% used [0x00000000d5580000,0x00000000d5b00000,0x00000000d5b00000)
  from space 512K, 43% used [0x00000000d5d00000,0x00000000d5d38000,0x00000000d5d80000)
  to   space 512K, 0% used [0x00000000d5d80000,0x00000000d5d80000,0x00000000d5e00000)
 ParOldGen       total 223744K, used 195606K [0x0000000080000000, 0x000000008da80000, 0x00000000d5580000)
  object space 223744K, 87% used [0x0000000080000000,0x000000008bf059a0,0x000000008da80000)
 Metaspace       used 89914K, committed 91584K, reserved 1179648K
  class space    used 9610K, committed 10304K, reserved 1048576K
}
Event: 76114.368 GC heap after
{Heap after GC invocations=620 (full 4):
 PSYoungGen      total 6144K, used 192K [0x00000000d5580000, 0x00000000d5e00000, 0x0000000100000000)
  eden space 5632K, 0% used [0x00000000d5580000,0x00000000d5580000,0x00000000d5b00000)
  from space 512K, 37% used [0x00000000d5d80000,0x00000000d5db0000,0x00000000d5e00000)
  to   space 512K, 0% used [0x00000000d5d00000,0x00000000d5d00000,0x00000000d5d80000)
 ParOldGen       total 223744K, used 195606K [0x0000000080000000, 0x000000008da80000, 0x00000000d5580000)
  object space 223744K, 87% used [0x0000000080000000,0x000000008bf059a0,0x000000008da80000)
 Metaspace       used 89914K, committed 91584K, reserved 1179648K
  class space    used 9610K, committed 10304K, reserved 1048576K
}
Event: 87043.737 GC heap before
{Heap before GC invocations=621 (full 4):
 PSYoungGen      total 6144K, used 5824K [0x00000000d5580000, 0x00000000d5e00000, 0x0000000100000000)
  eden space 5632K, 100% used [0x00000000d5580000,0x00000000d5b00000,0x00000000d5b00000)
  from space 512K, 37% used [0x00000000d5d80000,0x00000000d5db0000,0x00000000d5e00000)
  to   space 512K, 0% used [0x00000000d5d00000,0x00000000d5d00000,0x00000000d5d80000)
 ParOldGen       total 223744K, used 195606K [0x0000000080000000, 0x000000008da80000, 0x00000000d5580000)
  object space 223744K, 87% used [0x0000000080000000,0x000000008bf059a0,0x000000008da80000)
 Metaspace       used 89914K, committed 91584K, reserved 1179648K
  class space    used 9610K, committed 10304K, reserved 1048576K
}
Event: 87043.774 GC heap after
{Heap after GC invocations=621 (full 4):
 PSYoungGen      total 6144K, used 288K [0x00000000d5580000, 0x00000000d5e00000, 0x0000000100000000)
  eden space 5632K, 0% used [0x00000000d5580000,0x00000000d5580000,0x00000000d5b00000)
  from space 512K, 56% used [0x00000000d5d00000,0x00000000d5d48000,0x00000000d5d80000)
  to   space 512K, 0% used [0x00000000d5d80000,0x00000000d5d80000,0x00000000d5e00000)
 ParOldGen       total 223744K, used 195606K [0x0000000080000000, 0x000000008da80000, 0x00000000d5580000)
  object space 223744K, 87% used [0x0000000080000000,0x000000008bf059a0,0x000000008da80000)
 Metaspace       used 89914K, committed 91584K, reserved 1179648K
  class space    used 9610K, committed 10304K, reserved 1048576K
}
Event: 98076.700 GC heap before
{Heap before GC invocations=622 (full 4):
 PSYoungGen      total 6144K, used 5920K [0x00000000d5580000, 0x00000000d5e00000, 0x0000000100000000)
  eden space 5632K, 100% used [0x00000000d5580000,0x00000000d5b00000,0x00000000d5b00000)
  from space 512K, 56% used [0x00000000d5d00000,0x00000000d5d48000,0x00000000d5d80000)
  to   space 512K, 0% used [0x00000000d5d80000,0x00000000d5d80000,0x00000000d5e00000)
 ParOldGen       total 223744K, used 195606K [0x0000000080000000, 0x000000008da80000, 0x00000000d5580000)
  object space 223744K, 87% used [0x0000000080000000,0x000000008bf059a0,0x000000008da80000)
 Metaspace       used 89919K, committed 91584K, reserved 1179648K
  class space    used 9610K, committed 10304K, reserved 1048576K
}
Event: 98076.770 GC heap after
{Heap after GC invocations=622 (full 4):
 PSYoungGen      total 6144K, used 224K [0x00000000d5580000, 0x00000000d5e00000, 0x0000000100000000)
  eden space 5632K, 0% used [0x00000000d5580000,0x00000000d5580000,0x00000000d5b00000)
  from space 512K, 43% used [0x00000000d5d80000,0x00000000d5db8000,0x00000000d5e00000)
  to   space 512K, 0% used [0x00000000d5d00000,0x00000000d5d00000,0x00000000d5d80000)
 ParOldGen       total 223744K, used 195662K [0x0000000080000000, 0x000000008da80000, 0x00000000d5580000)
  object space 223744K, 87% used [0x0000000080000000,0x000000008bf139a0,0x000000008da80000)
 Metaspace       used 89919K, committed 91584K, reserved 1179648K
  class space    used 9610K, committed 10304K, reserved 1048576K
}
Event: 109159.701 GC heap before
{Heap before GC invocations=623 (full 4):
 PSYoungGen      total 6144K, used 5856K [0x00000000d5580000, 0x00000000d5e00000, 0x0000000100000000)
  eden space 5632K, 100% used [0x00000000d5580000,0x00000000d5b00000,0x00000000d5b00000)
  from space 512K, 43% used [0x00000000d5d80000,0x00000000d5db8000,0x00000000d5e00000)
  to   space 512K, 0% used [0x00000000d5d00000,0x00000000d5d00000,0x00000000d5d80000)
 ParOldGen       total 223744K, used 195662K [0x0000000080000000, 0x000000008da80000, 0x00000000d5580000)
  object space 223744K, 87% used [0x0000000080000000,0x000000008bf139a0,0x000000008da80000)
 Metaspace       used 89926K, committed 91584K, reserved 1179648K
  class space    used 9610K, committed 10304K, reserved 1048576K
}
Event: 109159.750 GC heap after
{Heap after GC invocations=623 (full 4):
 PSYoungGen      total 6144K, used 224K [0x00000000d5580000, 0x00000000d5e00000, 0x0000000100000000)
  eden space 5632K, 0% used [0x00000000d5580000,0x00000000d5580000,0x00000000d5b00000)
  from space 512K, 43% used [0x00000000d5d00000,0x00000000d5d38000,0x00000000d5d80000)
  to   space 512K, 0% used [0x00000000d5d80000,0x00000000d5d80000,0x00000000d5e00000)
 ParOldGen       total 223744K, used 195670K [0x0000000080000000, 0x000000008da80000, 0x00000000d5580000)
  object space 223744K, 87% used [0x0000000080000000,0x000000008bf159a0,0x000000008da80000)
 Metaspace       used 89926K, committed 91584K, reserved 1179648K
  class space    used 9610K, committed 10304K, reserved 1048576K
}
Event: 120221.425 GC heap before
{Heap before GC invocations=624 (full 4):
 PSYoungGen      total 6144K, used 5856K [0x00000000d5580000, 0x00000000d5e00000, 0x0000000100000000)
  eden space 5632K, 100% used [0x00000000d5580000,0x00000000d5b00000,0x00000000d5b00000)
  from space 512K, 43% used [0x00000000d5d00000,0x00000000d5d38000,0x00000000d5d80000)
  to   space 512K, 0% used [0x00000000d5d80000,0x00000000d5d80000,0x00000000d5e00000)
 ParOldGen       total 223744K, used 195670K [0x0000000080000000, 0x000000008da80000, 0x00000000d5580000)
  object space 223744K, 87% used [0x0000000080000000,0x000000008bf159a0,0x000000008da80000)
 Metaspace       used 89927K, committed 91584K, reserved 1179648K
  class space    used 9610K, committed 10304K, reserved 1048576K
}
Event: 120221.467 GC heap after
{Heap after GC invocations=624 (full 4):
 PSYoungGen      total 6144K, used 192K [0x00000000d5580000, 0x00000000d5e00000, 0x0000000100000000)
  eden space 5632K, 0% used [0x00000000d5580000,0x00000000d5580000,0x00000000d5b00000)
  from space 512K, 37% used [0x00000000d5d80000,0x00000000d5db0000,0x00000000d5e00000)
  to   space 512K, 0% used [0x00000000d5d00000,0x00000000d5d00000,0x00000000d5d80000)
 ParOldGen       total 223744K, used 195670K [0x0000000080000000, 0x000000008da80000, 0x00000000d5580000)
  object space 223744K, 87% used [0x0000000080000000,0x000000008bf159a0,0x000000008da80000)
 Metaspace       used 89927K, committed 91584K, reserved 1179648K
  class space    used 9610K, committed 10304K, reserved 1048576K
}
Event: 131290.511 GC heap before
{Heap before GC invocations=625 (full 4):
 PSYoungGen      total 6144K, used 5824K [0x00000000d5580000, 0x00000000d5e00000, 0x0000000100000000)
  eden space 5632K, 100% used [0x00000000d5580000,0x00000000d5b00000,0x00000000d5b00000)
  from space 512K, 37% used [0x00000000d5d80000,0x00000000d5db0000,0x00000000d5e00000)
  to   space 512K, 0% used [0x00000000d5d00000,0x00000000d5d00000,0x00000000d5d80000)
 ParOldGen       total 223744K, used 195670K [0x0000000080000000, 0x000000008da80000, 0x00000000d5580000)
  object space 223744K, 87% used [0x0000000080000000,0x000000008bf159a0,0x000000008da80000)
 Metaspace       used 89927K, committed 91584K, reserved 1179648K
  class space    used 9610K, committed 10304K, reserved 1048576K
}
Event: 131290.557 GC heap after
{Heap after GC invocations=625 (full 4):
 PSYoungGen      total 6144K, used 192K [0x00000000d5580000, 0x00000000d5e00000, 0x0000000100000000)
  eden space 5632K, 0% used [0x00000000d5580000,0x00000000d5580000,0x00000000d5b00000)
  from space 512K, 37% used [0x00000000d5d00000,0x00000000d5d30000,0x00000000d5d80000)
  to   space 512K, 0% used [0x00000000d5d80000,0x00000000d5d80000,0x00000000d5e00000)
 ParOldGen       total 223744K, used 195670K [0x0000000080000000, 0x000000008da80000, 0x00000000d5580000)
  object space 223744K, 87% used [0x0000000080000000,0x000000008bf159a0,0x000000008da80000)
 Metaspace       used 89927K, committed 91584K, reserved 1179648K
  class space    used 9610K, committed 10304K, reserved 1048576K
}

